2025-04-19 16:35:32,938 - INFO - 결과 저장 폴더: results/20250419_163532
2025-04-19 16:35:32,938 - INFO - 
=============== 시스템 환경 확인 ===============
2025-04-19 16:35:32,939 - INFO -  사용 디바이스: cuda:0
2025-04-19 16:35:32,939 - INFO -  CUDA 버전: 11.8
2025-04-19 16:35:33,011 - INFO -  GPU: NVIDIA RTX A5000
2025-04-19 16:35:33,017 - INFO -  GPU 사용률: 7% / 메모리 사용률: 1%
2025-04-19 16:35:33,017 - INFO - ================================================
2025-04-19 16:35:33,017 - INFO - 
================== 데이터 준비 ==================
2025-04-19 16:35:33,018 - INFO - 캐시 로드 완료. Shape: (4278, 10, 10)
2025-04-19 16:35:33,019 - INFO -  훈련 데이터: (3274, 10, 10) (2008-01-02 ~ 2020-12-31)
2025-04-19 16:35:33,019 - INFO -  테스트 데이터: (1004, 10, 10) (2021-01-04 ~ 2024-12-30)
2025-04-19 16:35:33,019 - INFO - ================================================
2025-04-19 16:35:33,019 - INFO - 
============== 환경 및 에이전트 설정 ==============
2025-04-19 16:35:33,020 - INFO -  환경 설정: 자산 수=10, 피처 수=10
2025-04-19 16:35:33,949 - INFO -  PPO 에이전트 생성 완료 (lr=0.0001)
2025-04-19 16:35:33,949 - INFO - ================================================
2025-04-19 16:35:33,949 - INFO - 
================ PPO 에이전트 학습 ================
2025-04-19 16:35:33,949 - INFO - PPO 학습 시작: 500 에피소드, 에피소드당 최대 200 스텝
2025-04-19 16:35:33,949 - INFO - 정책 업데이트 주기: 2000 스텝
2025-04-19 16:35:34,376 - INFO - 새로운 최고 성능 모델 저장! 에피소드: 0, 보상: -0.5925 -> models/best_model.pth
2025-04-19 16:35:34,773 - INFO - 새로운 최고 성능 모델 저장! 에피소드: 2, 보상: -0.4203 -> models/best_model.pth
2025-04-19 16:35:34,969 - INFO - 새로운 최고 성능 모델 저장! 에피소드: 3, 보상: -0.3336 -> models/best_model.pth
2025-04-19 16:35:35,166 - INFO - 새로운 최고 성능 모델 저장! 에피소드: 4, 보상: -0.2141 -> models/best_model.pth
2025-04-19 16:36:01,868 - INFO - 새로운 최고 성능 모델 저장! 에피소드: 133, 보상: -0.1481 -> models/best_model.pth
2025-04-19 16:36:28,920 - INFO - 새로운 최고 성능 모델 저장! 에피소드: 261, 보상: 0.0630 -> models/best_model.pth
2025-04-19 16:36:34,243 - INFO - 새로운 최고 성능 모델 저장! 에피소드: 288, 보상: 0.1090 -> models/best_model.pth
2025-04-19 16:37:17,277 - INFO - 
총 학습 시간: 103.33초 (0.0010초/스텝)
2025-04-19 16:37:17,277 - INFO - 학습 환경의 상태 정규화(obs_rms) 통계를 에이전트에 저장했습니다.
2025-04-19 16:37:17,277 - INFO -  PPO 학습 완료!
2025-04-19 16:37:17,277 - INFO - ================================================
2025-04-19 16:37:17,277 - INFO - 
================ PPO 에이전트 평가 ================
2025-04-19 16:37:17,282 - INFO - 모델 로드 성공! (models/best_model.pth), 최고 보상: 0.1090
2025-04-19 16:37:17,282 - INFO - PPO 에이전트 평가 시작 (결정론적 행동)...
2025-04-19 16:37:17,611 - INFO - 평가 종료. 총 스텝: 662
2025-04-19 16:37:17,611 - INFO -  테스트 완료!
2025-04-19 16:37:17,611 - INFO - ================================================
2025-04-19 16:37:17,611 - INFO - 
============= 성능 분석 및 시각화 =============
2025-04-19 16:37:17,611 - INFO - --- 포트폴리오 성능 지표 ---
2025-04-19 16:37:17,611 - INFO -  연간 수익률: 28.73%
2025-04-19 16:37:17,611 - INFO -  연간 변동성: 21.55%
2025-04-19 16:37:17,611 - INFO -  샤프 비율: 1.33
2025-04-19 16:37:17,611 - INFO -  최대 낙폭: 23.04%
2025-04-19 16:37:17,611 - INFO -  칼마 비율: 1.25
2025-04-19 16:37:17,611 - INFO -  테스트 기간 총 Raw 보상: 0.6935
2025-04-19 16:37:18,196 - INFO - 성능 그래프 저장 완료: results/20250419_163532/PPO_performance.png
2025-04-19 16:37:18,197 - INFO - ================================================
2025-04-19 16:37:18,197 - INFO - 
============ 설명 가능한 AI (XAI) 분석 ============
2025-04-19 16:37:18,197 - INFO -  DRL 에이전트 특성 가중치 계산 중...
2025-04-19 16:37:48,206 - INFO -  참조 모델(선형 회귀) 특성 가중치 계산 중...
2025-04-19 16:37:48,975 - INFO -  DRL과 참조 모델 평균 특성 중요도 상관계수: -1.0000
2025-04-19 16:37:49,374 - INFO -  XAI 분석 완료!
2025-04-19 16:37:49,374 - INFO - ================================================
2025-04-19 16:37:49,374 - INFO - 
===== 프로그램 종료 =====
