2025-04-19 16:45:20,409 - INFO - 결과 저장 폴더: results/20250419_164520
2025-04-19 16:45:20,409 - INFO - 
=============== 시스템 환경 확인 ===============
2025-04-19 16:45:20,410 - INFO -  사용 디바이스: cuda:0
2025-04-19 16:45:20,410 - INFO -  CUDA 버전: 11.8
2025-04-19 16:45:20,483 - INFO -  GPU: NVIDIA RTX A5000
2025-04-19 16:45:20,491 - INFO -  GPU 사용률: 8% / 메모리 사용률: 2%
2025-04-19 16:45:20,491 - INFO - ================================================
2025-04-19 16:45:20,491 - INFO - 
================== 데이터 준비 ==================
2025-04-19 16:45:20,492 - INFO - 캐시 로드 완료. Shape: (4278, 10, 10)
2025-04-19 16:45:20,493 - INFO -  훈련 데이터: (3274, 10, 10) (2008-01-02 ~ 2020-12-31)
2025-04-19 16:45:20,493 - INFO -  테스트 데이터: (1004, 10, 10) (2021-01-04 ~ 2024-12-30)
2025-04-19 16:45:20,493 - INFO - ================================================
2025-04-19 16:45:20,493 - INFO - 
============== 환경 및 에이전트 설정 ==============
2025-04-19 16:45:20,494 - INFO -  환경 설정: 자산 수=10, 피처 수=10
2025-04-19 16:45:21,413 - INFO -  PPO 에이전트 생성 완료 (lr=0.0001)
2025-04-19 16:45:21,413 - INFO - ================================================
2025-04-19 16:45:21,413 - INFO - 
================ PPO 에이전트 학습 ================
2025-04-19 16:45:21,413 - INFO - PPO 학습 시작: 500 에피소드, 에피소드당 최대 200 스텝
2025-04-19 16:45:21,413 - INFO - 정책 업데이트 주기: 2000 스텝
2025-04-19 16:45:21,848 - INFO - 새로운 최고 성능 모델 저장! 에피소드: 0, 보상: -0.8325 -> models/best_model.pth
2025-04-19 16:45:22,054 - INFO - 새로운 최고 성능 모델 저장! 에피소드: 1, 보상: -0.6093 -> models/best_model.pth
2025-04-19 16:45:22,685 - INFO - 새로운 최고 성능 모델 저장! 에피소드: 4, 보상: -0.5047 -> models/best_model.pth
2025-04-19 16:45:24,720 - INFO - 새로운 최고 성능 모델 저장! 에피소드: 13, 보상: -0.3336 -> models/best_model.pth
2025-04-19 16:45:31,766 - INFO - 새로운 최고 성능 모델 저장! 에피소드: 46, 보상: -0.2848 -> models/best_model.pth
2025-04-19 16:46:16,395 - INFO - 새로운 최고 성능 모델 저장! 에피소드: 259, 보상: -0.0810 -> models/best_model.pth
2025-04-19 16:47:07,432 - INFO - 
총 학습 시간: 106.02초 (0.0011초/스텝)
2025-04-19 16:47:07,433 - INFO - 학습 환경의 상태 정규화(obs_rms) 통계를 에이전트에 저장했습니다.
2025-04-19 16:47:07,433 - INFO -  PPO 학습 완료!
2025-04-19 16:47:07,433 - INFO - ================================================
2025-04-19 16:47:07,433 - INFO - 
================ PPO 에이전트 평가 ================
2025-04-19 16:47:07,439 - INFO - 모델 로드 성공! (models/best_model.pth), 최고 보상: -0.0810
2025-04-19 16:47:07,439 - INFO - PPO 에이전트 평가 시작 (결정론적 행동)...
2025-04-19 16:47:07,957 - INFO - 평가 종료. 총 스텝: 1003
2025-04-19 16:47:07,957 - INFO -  테스트 완료!
2025-04-19 16:47:07,957 - INFO - ================================================
2025-04-19 16:47:07,957 - INFO - 
============= 성능 분석 및 시각화 =============
2025-04-19 16:47:07,957 - INFO - --- 포트폴리오 성능 지표 ---
2025-04-19 16:47:07,957 - INFO -  연간 수익률: 13.99%
2025-04-19 16:47:07,957 - INFO -  연간 변동성: 18.34%
2025-04-19 16:47:07,957 - INFO -  샤프 비율: 0.76
2025-04-19 16:47:07,957 - INFO -  최대 낙폭: 31.18%
2025-04-19 16:47:07,957 - INFO -  칼마 비율: 0.45
2025-04-19 16:47:07,957 - INFO -  테스트 기간 총 Raw 보상: 0.4896
2025-04-19 16:47:08,619 - INFO - 성능 그래프 저장 완료: results/20250419_164520/PPO_performance.png
2025-04-19 16:47:08,619 - INFO - ================================================
2025-04-19 16:47:08,619 - INFO - 
============ 설명 가능한 AI (XAI) 분석 ============
2025-04-19 16:47:08,620 - INFO -  DRL 에이전트 특성 가중치 계산 중...
2025-04-19 16:47:58,461 - INFO -  참조 모델(선형 회귀) 특성 가중치 계산 중...
2025-04-19 16:47:59,252 - INFO -  DRL과 참조 모델 평균 특성 중요도 **절댓값** 상관계수: 1.0000
2025-04-19 16:47:59,672 - INFO -  XAI 분석 완료!
2025-04-19 16:47:59,672 - INFO - ================================================
2025-04-19 16:47:59,672 - INFO - 
===== 프로그램 종료 =====
