2025-04-19 16:59:24,750 - INFO - 결과 저장 폴더: results/20250419_165924
2025-04-19 16:59:24,750 - INFO - 
=============== 시스템 환경 확인 ===============
2025-04-19 16:59:24,750 - INFO -  사용 디바이스: cuda:0
2025-04-19 16:59:24,750 - INFO -  CUDA 버전: 11.8
2025-04-19 16:59:24,828 - INFO -  GPU: NVIDIA RTX A5000
2025-04-19 16:59:24,838 - INFO -  GPU 사용률: 8% / 메모리 사용률: 1%
2025-04-19 16:59:24,838 - INFO - ================================================
2025-04-19 16:59:24,838 - INFO - 
================== 데이터 준비 ==================
2025-04-19 16:59:24,840 - INFO - 캐시 로드 완료. Shape: (4278, 10, 10)
2025-04-19 16:59:24,840 - INFO -  훈련 데이터: (3274, 10, 10) (2008-01-02 ~ 2020-12-31)
2025-04-19 16:59:24,841 - INFO -  테스트 데이터: (1004, 10, 10) (2021-01-04 ~ 2024-12-30)
2025-04-19 16:59:24,841 - INFO - ================================================
2025-04-19 16:59:24,841 - INFO - 
============== 환경 및 에이전트 설정 ==============
2025-04-19 16:59:24,841 - INFO -  환경 설정: 자산 수=10, 피처 수=10
2025-04-19 16:59:25,754 - INFO -  PPO 에이전트 생성 완료 (lr=0.0001)
2025-04-19 16:59:25,755 - INFO - ================================================
2025-04-19 16:59:25,755 - INFO - 
================ PPO 에이전트 학습 ================
2025-04-19 16:59:25,755 - INFO - PPO 학습 시작: 500 에피소드, 에피소드당 최대 200 스텝
2025-04-19 16:59:25,755 - INFO - 정책 업데이트 주기: 2000 스텝
2025-04-19 16:59:26,188 - INFO - 새로운 최고 성능 모델 저장! 에피소드: 0, 보상: -0.7453 -> models/best_model.pth
2025-04-19 16:59:26,395 - INFO - 새로운 최고 성능 모델 저장! 에피소드: 1, 보상: -0.6975 -> models/best_model.pth
2025-04-19 16:59:26,600 - INFO - 새로운 최고 성능 모델 저장! 에피소드: 2, 보상: -0.5569 -> models/best_model.pth
2025-04-19 16:59:26,988 - INFO - 새로운 최고 성능 모델 저장! 에피소드: 4, 보상: -0.4098 -> models/best_model.pth
2025-04-19 16:59:28,568 - INFO - 새로운 최고 성능 모델 저장! 에피소드: 11, 보상: -0.3780 -> models/best_model.pth
2025-04-19 16:59:34,827 - INFO - 새로운 최고 성능 모델 저장! 에피소드: 40, 보상: -0.3754 -> models/best_model.pth
2025-04-19 16:59:41,858 - INFO - 새로운 최고 성능 모델 저장! 에피소드: 72, 보상: -0.3719 -> models/best_model.pth
2025-04-19 16:59:44,211 - INFO - 새로운 최고 성능 모델 저장! 에피소드: 82, 보상: -0.3418 -> models/best_model.pth
2025-04-19 17:00:07,585 - INFO - 새로운 최고 성능 모델 저장! 에피소드: 185, 보상: -0.2060 -> models/best_model.pth
2025-04-19 17:00:48,058 - INFO - 새로운 최고 성능 모델 저장! 에피소드: 364, 보상: 0.0304 -> models/best_model.pth
2025-04-19 17:01:18,505 - INFO - 
총 학습 시간: 112.75초 (0.0011초/스텝)
2025-04-19 17:01:18,505 - INFO - 학습 환경의 상태 정규화(obs_rms) 통계를 에이전트에 저장했습니다.
2025-04-19 17:01:18,505 - INFO -  PPO 학습 완료!
2025-04-19 17:01:18,505 - INFO - ================================================
2025-04-19 17:01:18,505 - INFO - 
================ PPO 에이전트 평가 ================
2025-04-19 17:01:18,510 - INFO - 모델 로드 성공! (models/best_model.pth), 최고 보상: 0.0304
2025-04-19 17:01:18,510 - INFO - PPO 에이전트 평가 시작 (결정론적 행동)...
2025-04-19 17:01:19,094 - INFO - 평가 종료. 총 스텝: 1003
2025-04-19 17:01:19,094 - INFO -  테스트 완료!
2025-04-19 17:01:19,094 - INFO - ================================================
2025-04-19 17:01:19,094 - INFO - 
============= 성능 분석 및 시각화 =============
2025-04-19 17:01:19,095 - INFO - --- 포트폴리오 성능 지표 ---
2025-04-19 17:01:19,095 - INFO -  연간 수익률: 8.34%
2025-04-19 17:01:19,095 - INFO -  연간 변동성: 17.68%
2025-04-19 17:01:19,095 - INFO -  샤프 비율: 0.47
2025-04-19 17:01:19,095 - INFO -  최대 낙폭: 34.52%
2025-04-19 17:01:19,095 - INFO -  칼마 비율: 0.24
2025-04-19 17:01:19,095 - INFO -  테스트 기간 총 Raw 보상: 0.2695
2025-04-19 17:01:19,753 - INFO - 성능 그래프 저장 완료: results/20250419_165924/PPO_performance.png
2025-04-19 17:01:19,753 - INFO - ================================================
2025-04-19 17:01:19,753 - INFO - 
============ 설명 가능한 AI (XAI) 분석 ============
2025-04-19 17:01:19,754 - INFO -  DRL 에이전트 특성 가중치 계산 중...
2025-04-19 17:02:11,400 - INFO -  참조 모델(선형 회귀) 특성 가중치 계산 중...
2025-04-19 17:02:12,242 - INFO -  DRL과 참조 모델 평균 특성 중요도 **절댓값** 상관계수: 1.0000
2025-04-19 17:02:12,666 - INFO -  XAI 분석 완료!
2025-04-19 17:02:12,667 - INFO - ================================================
2025-04-19 17:02:12,667 - INFO - 
===== 프로그램 종료 =====
